Run 1:  mer. mai 29 23:08:22 2024.  ceacnrs2.1.52869.
        Em version 18.56 (64-bit Windows) on IRAM-HE-005445 remote.

  Project:  C:\Users\aw270929\scripta CdF\users\Alex\phidl\QRCSJ\Resistors\QRCSJ_2\Sonnet_Feedline_Bot_4_Spirals.son.

    Begin electromagnetic simulation using frequency sweep:
      ABS Start = 7, Stop = 10 GHZ

    Frequency:  7 GHZ
      Subsectioning at 10 GHz with Eeff of 9.025.
      Subsectioning time:  1 minute 10 seconds.
      De-embedding information for cci group B:
        Main Std: X=6200 microns Y=2800 microns box size, 716 subsections, 189 MB.
      De-embedding information for cci group C:
        Main Std: X=6200 microns Y=2800 microns box size, 716 subsections, 189 MB.
      Em license feature:  emhighperformance.

      Circuit requires 13311 subsections (9018482 CM Cells) and 1922 MB of memory.

      Primary structure subsections by level and type:
      Level 0:
        Surface Staircase:  11,239
        Surface Conformal:  1,982
      Level 1:
        Surface Staircase:  30
        Via:                32
      Ground Plane:
        Via:                28

      Process memory by type:
        System matrix:            1,352 MB
        Elemental subsections:
          Primary structure:      275 MB
          CciB standard:          108 MB
          CciC standard:          108 MB
        Fourier transform:        67 MB
        Waveguide mode:           12 MB
        Adaptive band synthesis:  0 MB
        Miscellaneous:            1 MB
        TOTAL REQUIRED MEMORY:    1,922 MB

      Amount of RAM installed on host computer:  128 GB
      Number of logical processors:  24
      Matrix solver:  internal 64-bit SSE with loss.
      Simulation mode:  remote em transfer.
      Threads:  using 24 thread(s), 24 core(s) available.
      Waveguide mode time:  0.397 seconds.
      Fourier transform time:  14 seconds.
      Coupling time:  2 hours 24 minutes.
      Loss time:  10 seconds.
      Matrix fill time:  2 hours 24 minutes.
      Matrix solve time:  48 seconds.
      De-embedding time for cci group B:
        Total: 28 seconds.
      De-embedding time for cci group C:
        Total: 28 seconds.
      Frequency completed jeu. mai 30 01:36:32 2024.

      De-embedded S-Parameters. 50 Ohm Port Terminations.
      Magnitude/Angle. Touchstone Format. (S11 S21 S12 S22).
      7.00000000 0.455976 -76.97 0.889137 -166.7 0.889137 -166.7 0.455980 -76.43
      ! P1 F=7.0 Eeff=(5.94771 - j0.00579984) Z0=(45.6739 + j0.0215048)
      ! P2 F=7.0 Eeff=(5.94771 - j0.00579984) Z0=(45.6739 + j0.0215048)
      Total time per frequency:  2 hours 26 minutes.

    Frequency:  10 GHZ
      Waveguide mode time:  0.389 seconds.
      Fourier transform time:  14 seconds.
      Coupling time:  2 hours 26 minutes.
      Loss time:  10 seconds.
      Matrix fill time:  2 hours 26 minutes.
      Matrix solve time:  48 seconds.
      Frequency completed jeu. mai 30 04:05:05 2024.
      10.0000000 0.618102 2.4204 0.784944 92.547 0.784944 92.547 0.618102 2.6382
      ! P1 F=10.0 Eeff=(6.02557 - j0.00606507) Z0=(45.379 + j0.0210048)
      ! P2 F=10.0 Eeff=(6.02557 - j0.00606507) Z0=(45.379 + j0.0210048)
      Total time per frequency:  2 hours 28 minutes.
      ABS: SNR = -15.1647 dB (58.035 dB Goal) for S2_2 at 8.35 GHz.
      ABS: Time = 1 second.

    Frequency:  8.35 GHZ
      Waveguide mode time:  0.395 seconds.
      Fourier transform time:  14 seconds.
      Coupling time:  2 hours 27 minutes.
      Loss time:  10 seconds.
      Matrix fill time:  2 hours 27 minutes.
      Matrix solve time:  48 seconds.
      Frequency completed jeu. mai 30 06:34:50 2024.
      8.35000000 0.095075 54.299 0.994523 145.32 0.994523 145.32 0.095067 55.919
      ! P1 F=8.35 Eeff=(5.97959 - j0.00590838) Z0=(45.5437 + j0.0213369)
      ! P2 F=8.35 Eeff=(5.97959 - j0.00590838) Z0=(45.5437 + j0.0213369)
      Total time per frequency:  2 hours 29 minutes.
      ABS: SNR = 5.26704 dB (50 dB Goal) for S2_2 at 8.15 GHz.
      ABS: Time = 1 second.

    Frequency:  8.15 GHZ
      Waveguide mode time:  0.390 seconds.
      Fourier transform time:  15 seconds.
      Coupling time:  2 hours 27 minutes.
      Loss time:  10 seconds.
      Matrix fill time:  2 hours 27 minutes.
      Matrix solve time:  48 seconds.
      Frequency completed jeu. mai 30 09:04:36 2024.
      8.15000000 0.002447 19.666 0.999064 153.06 0.999064 153.06 0.002019 91.171
      ! P1 F=8.15 Eeff=(5.97454 - j0.00589116) Z0=(45.5635 + j0.0213668)
      ! P2 F=8.15 Eeff=(5.97454 - j0.00589116) Z0=(45.5635 + j0.0213668)
      Total time per frequency:  2 hours 29 minutes.
      ABS: SNR = -15.2465 dB (56.7375 dB Goal) for S1_2 at 7.42 GHz.
      ABS: Time = 1 second.

    Frequency:  7.42 GHZ
      Waveguide mode time:  0.391 seconds.
      Fourier transform time:  15 seconds.
      Coupling time:  2 hours 22 minutes.
      Loss time:  10 seconds.
      Matrix fill time:  2 hours 22 minutes.
      Matrix solve time:  48 seconds.
      Frequency completed jeu. mai 30 11:28:53 2024.
      7.42000000 0.833839 -34.39 0.522284 -141.5 0.522284 -141.5 0.837746 -64.99
      ! P1 F=7.42 Eeff=(5.95706 - j0.00583166) Z0=(45.6344 + j0.0214606)
      ! P2 F=7.42 Eeff=(5.95706 - j0.00583166) Z0=(45.6344 + j0.0214606)
      Total time per frequency:  2 hours 24 minutes.
      ABS: SNR = 36.6549 dB (50 dB Goal) for S1_2 at 7.62 GHz.
      ABS: Time = 2 seconds.

    Frequency:  7.62 GHZ
      Waveguide mode time:  0.391 seconds.
      Fourier transform time:  14 seconds.
      Coupling time:  2 hours 25 minutes.
      Loss time:  10 seconds.
      Matrix fill time:  2 hours 26 minutes.
      Matrix solve time:  48 seconds.
      Frequency completed jeu. mai 30 13:56:42 2024.
      7.62000000 0.913461 117.10 0.195023 -116.1 0.195023 -116.1 0.936319 -136.5
      ! P1 F=7.62 Eeff=(5.96169 - j0.00584744) Z0=(45.6152 + j0.0214371)
      ! P2 F=7.62 Eeff=(5.96169 - j0.00584744) Z0=(45.6152 + j0.0214371)
      Total time per frequency:  2 hours 27 minutes.
      ABS: Q-factor. Diff = 1.69668 (0.60119 Tol) for port 1 at 9.3 GHz.
      ABS: Time = 2 seconds.

    Frequency:  9.3 GHZ
      Waveguide mode time:  0.390 seconds.
      Fourier transform time:  14 seconds.
      Coupling time:  2 hours 23 minutes.
      Loss time:  10 seconds.
      Matrix fill time:  2 hours 24 minutes.
      Matrix solve time:  48 seconds.
      Frequency completed jeu. mai 30 16:22:30 2024.
      9.30000000 0.460151 21.879 0.886800 112.06 0.886800 112.06 0.460151 22.167
      ! P1 F=9.3 Eeff=(6.00514 - j0.00599545) Z0=(45.4487 + j0.021166)
      ! P2 F=9.3 Eeff=(6.00514 - j0.00599545) Z0=(45.4487 + j0.021166)
      Total time per frequency:  2 hours 25 minutes.
      ABS: Q-factor. Diff = 0.179803 (0.587503 Tol) for port 2 at 9.64 GHz.
      ABS: SNR = 106.579 dB (40 dB Goal) for S1_1 at 7.56 GHz.
      ABS: Time = 2 seconds.

      ABS: Detected 2 resonance(s) on iteration 1:
        Resonance 1:  FreqMin = 7.33  FreqCenter = 7.62  FreqMax = 7.71 GHz
        Resonance 2:  FreqMin = 7.75  FreqCenter = 7.83  FreqMax = 7.92 GHz

      ABS: Detected 2 resonance(s) on iteration 2:
        Resonance 1:  FreqMin = 7.33581939799331  FreqCenter = 7.62030100334448  FreqMax = 7.70217391304344 GHz
        Resonance 2:  FreqMin = 7.75561872909699  FreqCenter = 7.83361204013378  FreqMax = 7.90976588628759 GHz

      ABS: Detected 2 resonance(s) on iteration 3:
        Resonance 1:  FreqMin = 7.33  FreqCenter = 7.62  FreqMax = 7.7 GHz
        Resonance 2:  FreqMin = 7.75  FreqCenter = 7.83348575017369  FreqMax = 7.91 GHz

      ABS: Detected 2 resonance(s) on iteration 4:
        Resonance 1:  FreqMin = 7.33449131561168  FreqCenter = 7.61995508684389  FreqMax = 7.7 GHz
        Resonance 2:  FreqMin = 7.75505412091596  FreqCenter = 7.83349760016144  FreqMax = 7.91 GHz

    Frequency:  7.619955086844 GHZ
      Waveguide mode time:  0.390 seconds.
      Fourier transform time:  15 seconds.
      Coupling time:  2 hours 25 minutes.
      Loss time:  11 seconds.
      Matrix fill time:  2 hours 25 minutes.
      Matrix solve time:  48 seconds.
      Frequency completed jeu. mai 30 18:50:35 2024.
      7.61995509 0.924393 121.96 0.131728 -120.3 0.131728 -120.3 0.947130 -133.4
      ! P1 F=7.61995509 Eeff=(5.96169 - j0.00584744) Z0=(45.6152 + j0.0214371)
      ! P2 F=7.61995509 Eeff=(5.96169 - j0.00584744) Z0=(45.6152 + j0.0214371)
      Total time per frequency:  2 hours 28 minutes.

    Frequency:  7.833497600161 GHZ
      Waveguide mode time:  0.391 seconds.
      Fourier transform time:  15 seconds.
      Coupling time:  2 hours 22 minutes.
      Loss time:  10 seconds.
      Matrix fill time:  2 hours 23 minutes.
      Matrix solve time:  48 seconds.
      Frequency completed jeu. mai 30 21:15:31 2024.
      7.83349760 0.954389 -56.25 0.113563 97.861 0.113563 97.861 0.945778 26.868
      ! P1 F=7.8334976 Eeff=(5.96677 - j0.00586472) Z0=(45.5945 + j0.0214103)
      ! P2 F=7.8334976 Eeff=(5.96677 - j0.00586472) Z0=(45.5945 + j0.0214103)
      Total time per frequency:  2 hours 24 minutes.
      ABS: SNR = 35.743 dB (40 dB Goal) for S1_2 at 7.61986 GHz.
      ABS: Time = 17 seconds.

      ABS: Detected 2 resonance(s) on iteration 5:
        Resonance 1:  FreqMin = 7.33449131561168  FreqCenter = 7.62  FreqMax = 7.7 GHz
        Resonance 2:  FreqMin = 7.75505412091596  FreqCenter = 7.83350963469635  FreqMax = 7.91 GHz

      ABS: Detected 2 resonance(s) on iteration 6:
        Resonance 1:  FreqMin = 7.33665149691614  FreqCenter = 7.62  FreqMax = 7.7 GHz
        Resonance 2:  FreqMin = 7.75  FreqCenter = 7.83350264960385  FreqMax = 7.91 GHz

    Post-Analysis information for em run 1:
      Total time for 9 frequencies:  22 hours 7 minutes.
      Em errors detected: 0    Em warnings detected: 0.

Remote em simulation completed jeu. mai 30 21:16:06 2024.
