Run 1:  mer. mai 29 17:39:01 2024.  ceacnrs2.1.52869.
        Em version 18.56 (64-bit Windows) on IRAM-HE-005445 remote.

  Project:  C:\Users\aw270929\scripta CdF\users\Alex\phidl\QRCSJ\Resistors\QRCSJ_2\Sonnet_Feedline_Left_4_Spirals.son.

    Begin electromagnetic simulation using frequency sweep:
      ABS Start = 7, Stop = 10 GHZ

    Frequency:  7 GHZ

      De-embedded S-Parameters. 50 Ohm Port Terminations.
      Magnitude/Angle. Touchstone Format. (S11 S21 S12 S22).
      7.00000000 0.565932 -74.28 0.823517 -164.1 0.823517 -164.1 0.565935 -73.81
      ! P1 F=7.0 Eeff=(5.94715 - j0.00579694) Z0=(45.6751 + j0.0215029)
      ! P2 F=7.0 Eeff=(5.94715 - j0.00579694) Z0=(45.6751 + j0.0215029)

    Frequency:  10 GHZ
      10.0000000 0.560058 1.9729 0.827149 91.887 0.827149 91.887 0.560060 1.7174
      ! P1 F=10.0 Eeff=(6.02447 - j0.00606082) Z0=(45.3784 + j0.0210159)
      ! P2 F=10.0 Eeff=(6.02447 - j0.00606082) Z0=(45.3784 + j0.0210159)

    Frequency:  8.72 GHZ
      8.72000000 0.075017 47.545 0.996068 136.85 0.996068 136.85 0.075034 45.435
      ! P1 F=8.72 Eeff=(5.98838 - j0.00593753) Z0=(45.5075 + j0.0212799)
      ! P2 F=8.72 Eeff=(5.98838 - j0.00593753) Z0=(45.5075 + j0.0212799)

    Frequency:  7.26 GHZ
      7.26000000 0.497297 -82.79 0.866610 -172.1 0.866610 -172.1 0.497310 -81.32
      ! P1 F=7.26 Eeff=(5.95284 - j0.0058163) Z0=(45.6507 + j0.0214769)
      ! P2 F=7.26 Eeff=(5.95284 - j0.0058163) Z0=(45.6507 + j0.0214769)

    Frequency:  7.59 GHZ
      7.59000000 0.561694 -123.8 0.801527 -147.3 0.801527 -147.3 0.513994 15.498
      ! P1 F=7.59 Eeff=(5.96033 - j0.00584186) Z0=(45.6192 + j0.0214403)
      ! P2 F=7.59 Eeff=(5.96033 - j0.00584186) Z0=(45.6192 + j0.0214403)

    Frequency:  9.18 GHZ
      9.18000000 0.285028 29.336 0.957346 119.16 0.957346 119.16 0.285033 28.796
      ! P1 F=9.18 Eeff=(6.00083 - j0.00598005) Z0=(45.461 + j0.0211964)
      ! P2 F=9.18 Eeff=(6.00083 - j0.00598005) Z0=(45.461 + j0.0211964)

    Frequency:  8.15 GHZ
      8.15000000 0.195647 -111.2 0.979629 159.23 0.979629 159.23 0.195656 -110.1
      ! P1 F=8.15 Eeff=(5.97378 - j0.00588769) Z0=(45.5644 + j0.0213681)
      ! P2 F=8.15 Eeff=(5.97378 - j0.0058877) Z0=(45.5644 + j0.0213681)

    Frequency:  7.589536783804 GHZ
      7.58953678 0.927571 -106.1 0.174611 -122.8 0.174611 -122.8 0.849054 103.52
      ! P1 F=7.58953678 Eeff=(5.96032 - j0.00584182) Z0=(45.6193 + j0.0214403)
      ! P2 F=7.58953678 Eeff=(5.96032 - j0.00584182) Z0=(45.6193 + j0.0214403)
      Em errors detected: 0    Em warnings detected: 0.

Remote em simulation completed mer. mai 29 23:07:40 2024.
