Run 1:  mer. mai 29 23:08:22 2024.  ceacnrs2.1.52869.
        Em version 18.56 (64-bit Windows) on IRAM-HE-005445 remote.

  Project:  C:\Users\aw270929\scripta CdF\users\Alex\phidl\QRCSJ\Resistors\QRCSJ_2\Sonnet_Feedline_Bot_4_Spirals.son.

    Begin electromagnetic simulation using frequency sweep:
      ABS Start = 7, Stop = 10 GHZ

    Frequency:  7 GHZ

      De-embedded S-Parameters. 50 Ohm Port Terminations.
      Magnitude/Angle. Touchstone Format. (S11 S21 S12 S22).
      7.00000000 0.455976 -76.97 0.889137 -166.7 0.889137 -166.7 0.455980 -76.43
      ! P1 F=7.0 Eeff=(5.94771 - j0.00579984) Z0=(45.6739 + j0.0215048)
      ! P2 F=7.0 Eeff=(5.94771 - j0.00579984) Z0=(45.6739 + j0.0215048)

    Frequency:  10 GHZ
      10.0000000 0.618102 2.4204 0.784944 92.547 0.784944 92.547 0.618102 2.6382
      ! P1 F=10.0 Eeff=(6.02557 - j0.00606507) Z0=(45.379 + j0.0210048)
      ! P2 F=10.0 Eeff=(6.02557 - j0.00606507) Z0=(45.379 + j0.0210048)

    Frequency:  8.35 GHZ
      8.35000000 0.095075 54.299 0.994523 145.32 0.994523 145.32 0.095067 55.919
      ! P1 F=8.35 Eeff=(5.97959 - j0.00590838) Z0=(45.5437 + j0.0213369)
      ! P2 F=8.35 Eeff=(5.97959 - j0.00590838) Z0=(45.5437 + j0.0213369)

    Frequency:  8.15 GHZ
      8.15000000 0.002447 19.666 0.999064 153.06 0.999064 153.06 0.002019 91.171
      ! P1 F=8.15 Eeff=(5.97454 - j0.00589116) Z0=(45.5635 + j0.0213668)
      ! P2 F=8.15 Eeff=(5.97454 - j0.00589116) Z0=(45.5635 + j0.0213668)

    Frequency:  7.42 GHZ
      7.42000000 0.833839 -34.39 0.522284 -141.5 0.522284 -141.5 0.837746 -64.99
      ! P1 F=7.42 Eeff=(5.95706 - j0.00583166) Z0=(45.6344 + j0.0214606)
      ! P2 F=7.42 Eeff=(5.95706 - j0.00583166) Z0=(45.6344 + j0.0214606)

    Frequency:  7.62 GHZ
      7.62000000 0.913461 117.10 0.195023 -116.1 0.195023 -116.1 0.936319 -136.5
      ! P1 F=7.62 Eeff=(5.96169 - j0.00584744) Z0=(45.6152 + j0.0214371)
      ! P2 F=7.62 Eeff=(5.96169 - j0.00584744) Z0=(45.6152 + j0.0214371)

    Frequency:  9.3 GHZ
      9.30000000 0.460151 21.879 0.886800 112.06 0.886800 112.06 0.460151 22.167
      ! P1 F=9.3 Eeff=(6.00514 - j0.00599545) Z0=(45.4487 + j0.021166)
      ! P2 F=9.3 Eeff=(6.00514 - j0.00599545) Z0=(45.4487 + j0.021166)

    Frequency:  7.619955086844 GHZ
      7.61995509 0.924393 121.96 0.131728 -120.3 0.131728 -120.3 0.947130 -133.4
      ! P1 F=7.61995509 Eeff=(5.96169 - j0.00584744) Z0=(45.6152 + j0.0214371)
      ! P2 F=7.61995509 Eeff=(5.96169 - j0.00584744) Z0=(45.6152 + j0.0214371)

    Frequency:  7.833497600161 GHZ
      7.83349760 0.954389 -56.25 0.113563 97.861 0.113563 97.861 0.945778 26.868
      ! P1 F=7.8334976 Eeff=(5.96677 - j0.00586472) Z0=(45.5945 + j0.0214103)
      ! P2 F=7.8334976 Eeff=(5.96677 - j0.00586472) Z0=(45.5945 + j0.0214103)
      Em errors detected: 0    Em warnings detected: 0.

Remote em simulation completed jeu. mai 30 21:16:06 2024.
